TN:
SF:domController.js
FN:2,updateItemList
FN:25,handleAddItem
FN:36,handleItemName
FNF:3
FNH:2
FNDA:1,updateItemList
FNDA:0,handleAddItem
FNDA:1,handleItemName
DA:1,1
DA:2,1
DA:3,1
DA:4,1
DA:5,1
DA:6,1
DA:7,1
DA:8,3
DA:9,3
DA:10,3
DA:11,3
DA:12,3
DA:13,3
DA:14,3
DA:15,3
DA:16,3
DA:17,1
DA:18,1
DA:19,1
DA:20,1
DA:21,1
DA:22,1
DA:23,1
DA:24,1
DA:25,1
DA:26,0
DA:27,0
DA:28,0
DA:29,0
DA:30,0
DA:31,0
DA:32,0
DA:33,0
DA:34,1
DA:35,1
DA:36,1
DA:37,1
DA:38,1
DA:39,1
DA:40,1
DA:41,1
DA:42,0
DA:43,1
DA:44,0
DA:45,1
DA:46,1
DA:47,1
DA:48,1
DA:49,1
DA:50,1
LF:50
LH:40
BRDA:2,0,0,1
BRDA:7,1,0,3
BRDA:36,2,0,1
BRDA:41,3,0,0
BRDA:43,4,0,0
BRF:5
BRH:3
end_of_record
TN:
SF:inventoryController.js
FN:3,addItem
FNF:1
FNH:1
FNDA:3,addItem
DA:1,1
DA:2,1
DA:3,1
DA:4,3
DA:5,3
DA:6,3
DA:7,1
DA:8,1
DA:9,1
DA:10,1
LF:10
LH:10
BRDA:3,0,0,3
BRF:1
BRH:1
end_of_record
TN:
SF:main.js
FNF:0
FNH:0
DA:1,1
DA:2,1
DA:3,1
DA:4,1
DA:5,1
DA:6,1
DA:7,1
DA:8,1
DA:9,1
DA:10,1
DA:11,1
DA:12,1
DA:13,1
DA:14,1
LF:14
LH:14
BRF:0
BRH:0
end_of_record
